<?xml version="1.0" encoding="UTF-8"?>
<!-- Generated by org.testng.reporters.JUnitReportReporter -->
<testsuite hostname="DESKTOP-L6NUOVH" name="com.example.testframework.mockito.MockitoSampleTest" tests="3" failures="0" timestamp="4 Aug 2017 14:38:49 GMT" time="0.044" errors="0">
  <testcase name="testMockUser" time="0.013" classname="com.example.testframework.mockito.MockitoSampleTest"/>
  <testcase name="testMockClass" time="0.027" classname="com.example.testframework.mockito.MockitoSampleTest"/>
  <testcase name="testMockInterface" time="0.004" classname="com.example.testframework.mockito.MockitoSampleTest"/>
</testsuite> <!-- com.example.testframework.mockito.MockitoSampleTest -->
