<?xml version="1.0" encoding="UTF-8"?>
<!-- Generated by org.testng.reporters.JUnitReportReporter -->
<testsuite hostname="DESKTOP-L6NUOVH" name="com.example.testframework.testng.NGFixtureTest" tests="2" failures="0" timestamp="4 Aug 2017 16:06:30 GMT" time="0.017" errors="0">
  <testcase name="testUserId" time="0.005" classname="com.example.testframework.testng.NGFixtureTest"/>
  <testcase name="testUser" time="0.012" classname="com.example.testframework.testng.NGFixtureTest"/>
</testsuite> <!-- com.example.testframework.testng.NGFixtureTest -->
