<?xml version="1.0" encoding="UTF-8"?>
<!-- Generated by org.testng.reporters.JUnitReportReporter -->
<testsuite hostname="DESKTOP-L6NUOVH" name="com.example.testframework.testng.ExecptionTest" tests="1" failures="0" timestamp="4 Aug 2017 14:20:45 GMT" time="0.011" errors="0">
  <testcase name="testBook" time="0.011" classname="com.example.testframework.testng.ExecptionTest"/>
</testsuite> <!-- com.example.testframework.testng.ExecptionTest -->
