<?xml version="1.0" encoding="UTF-8"?>
<!-- Generated by org.testng.reporters.JUnitReportReporter -->
<testsuite hostname="DESKTOP-L6NUOVH" name="com.example.testframework.testng.ParamTest" tests="3" failures="0" timestamp="4 Aug 2017 14:24:04 GMT" time="0.032" errors="0">
  <testcase name="testSimpleDateFormat" time="0.002" classname="com.example.testframework.testng.ParamTest"/>
  <testcase name="testSimpleDateFormat" time="0.003" classname="com.example.testframework.testng.ParamTest"/>
  <testcase name="testSimpleDateFormat" time="0.027" classname="com.example.testframework.testng.ParamTest"/>
</testsuite> <!-- com.example.testframework.testng.ParamTest -->
